1640656334250	geckodriver	INFO	Listening on 127.0.0.1:48379
1640656335248	mozrunner::runner	INFO	Running command: "/usr/bin/firefox" "--marionette" "--start-maximized" "-foreground" "-no-remote" "-profile" "/tmp/rust_mozprofile4AiLDL"
1640656337092	Marionette	INFO	Marionette enabled
console.warn: SearchSettings: "get: No settings file exists, new profile?" (new NotFoundError("Could not open the file at /tmp/rust_mozprofile4AiLDL/search.json.mozlz4", (void 0)))
1640656338617	Marionette	INFO	Listening on port 38843
1640656338698	RemoteAgent	WARN	TLS certificate errors will be ignored for this session
JavaScript error: resource://gre/modules/XULStore.jsm, line 66: Error: Can't find profile directory.
JavaScript error: resource://gre/modules/XULStore.jsm, line 66: Error: Can't find profile directory.
1640656479749	Marionette	INFO	Stopped listening on port 38843
JavaScript error: resource:///modules/Interactions.jsm, line 209: NS_ERROR_FAILURE: Component returned failure code: 0x80004005 (NS_ERROR_FAILURE) [nsIUserIdleService.removeIdleObserver]
1640731074299	geckodriver	INFO	Listening on 127.0.0.1:49725
1640731075294	mozrunner::runner	INFO	Running command: "/usr/bin/firefox" "--marionette" "--start-maximized" "-foreground" "-no-remote" "-profile" "/tmp/rust_mozprofile3plfoJ"
1640731077046	Marionette	INFO	Marionette enabled
console.warn: SearchSettings: "get: No settings file exists, new profile?" (new NotFoundError("Could not open the file at /tmp/rust_mozprofile3plfoJ/search.json.mozlz4", (void 0)))
1640731078819	Marionette	INFO	Listening on port 36983
1640731078914	RemoteAgent	WARN	TLS certificate errors will be ignored for this session
JavaScript error: resource://gre/modules/XULStore.jsm, line 66: Error: Can't find profile directory.
JavaScript error: resource://gre/modules/XULStore.jsm, line 66: Error: Can't find profile directory.
console.log: WebExtensions: reset-default-search: starting.
console.log: WebExtensions: reset-default-search: No addons in our list are installed.
1640731531057	geckodriver	INFO	Listening on 127.0.0.1:43793
1640731531059	mozrunner::runner	INFO	Running command: "/usr/bin/firefox" "--marionette" "--start-maximized" "-foreground" "-no-remote" "-profile" "/tmp/rust_mozprofilesJbRzU"
1640731532474	Marionette	INFO	Stopped listening on port 36983
JavaScript error: resource:///modules/Interactions.jsm, line 209: NS_ERROR_FAILURE: Component returned failure code: 0x80004005 (NS_ERROR_FAILURE) [nsIUserIdleService.removeIdleObserver]
1640731532522	Marionette	INFO	Marionette enabled

###!!! [Parent][RunMessage] Error: Channel closing: too late to send/recv, messages will be lost

console.warn: SearchSettings: "get: No settings file exists, new profile?" (new NotFoundError("Could not open the file at /tmp/rust_mozprofilesJbRzU/search.json.mozlz4", (void 0)))
1640731534097	Marionette	INFO	Listening on port 42169
1640731534242	RemoteAgent	WARN	TLS certificate errors will be ignored for this session
JavaScript error: resource://gre/modules/XULStore.jsm, line 66: Error: Can't find profile directory.
JavaScript error: resource://gre/modules/XULStore.jsm, line 66: Error: Can't find profile directory.
1640731654310	Marionette	INFO	Stopped listening on port 42169
JavaScript error: resource:///modules/Interactions.jsm, line 209: NS_ERROR_FAILURE: Component returned failure code: 0x80004005 (NS_ERROR_FAILURE) [nsIUserIdleService.removeIdleObserver]
1640731655761	geckodriver	INFO	Listening on 127.0.0.1:57039
1640731655766	mozrunner::runner	INFO	Running command: "/usr/bin/firefox" "--marionette" "--start-maximized" "-foreground" "-no-remote" "-profile" "/tmp/rust_mozprofile1Zry1M"
1640731656187	Marionette	INFO	Marionette enabled
console.warn: SearchSettings: "get: No settings file exists, new profile?" (new NotFoundError("Could not open the file at /tmp/rust_mozprofile1Zry1M/search.json.mozlz4", (void 0)))
1640731657786	Marionette	INFO	Listening on port 45153
1640731657880	RemoteAgent	WARN	TLS certificate errors will be ignored for this session
JavaScript error: resource://gre/modules/XULStore.jsm, line 66: Error: Can't find profile directory.
JavaScript error: resource://gre/modules/XULStore.jsm, line 66: Error: Can't find profile directory.
console.log: WebExtensions: reset-default-search: starting.
console.log: WebExtensions: reset-default-search: No addons in our list are installed.
JavaScript error: resource://gre/actors/AutoCompleteChild.jsm, line 125: Error: Invalid autocomplete selectedIndex
JavaScript error: resource://gre/actors/AutoCompleteChild.jsm, line 125: Error: Invalid autocomplete selectedIndex
JavaScript error: resource://gre/actors/AutoCompleteChild.jsm, line 125: Error: Invalid autocomplete selectedIndex
JavaScript error: resource://gre/actors/AutoCompleteChild.jsm, line 125: Error: Invalid autocomplete selectedIndex
JavaScript error: resource://gre/actors/AutoCompleteChild.jsm, line 125: Error: Invalid autocomplete selectedIndex
JavaScript error: resource://gre/actors/AutoCompleteChild.jsm, line 125: Error: Invalid autocomplete selectedIndex
JavaScript error: resource://gre/actors/AutoCompleteChild.jsm, line 125: Error: Invalid autocomplete selectedIndex
JavaScript error: resource://gre/actors/AutoCompleteChild.jsm, line 125: Error: Invalid autocomplete selectedIndex
JavaScript error: resource://gre/actors/AutoCompleteChild.jsm, line 125: Error: Invalid autocomplete selectedIndex
JavaScript error: resource://gre/actors/AutoCompleteChild.jsm, line 125: Error: Invalid autocomplete selectedIndex
JavaScript error: resource://gre/actors/AutoCompleteChild.jsm, line 125: Error: Invalid autocomplete selectedIndex
JavaScript error: resource://gre/actors/AutoCompleteChild.jsm, line 125: Error: Invalid autocomplete selectedIndex
JavaScript error: resource://gre/actors/AutoCompleteChild.jsm, line 125: Error: Invalid autocomplete selectedIndex
JavaScript error: resource://gre/actors/AutoCompleteChild.jsm, line 125: Error: Invalid autocomplete selectedIndex
JavaScript error: resource://gre/actors/AutoCompleteChild.jsm, line 125: Error: Invalid autocomplete selectedIndex
JavaScript error: resource://gre/actors/AutoCompleteChild.jsm, line 125: Error: Invalid autocomplete selectedIndex
JavaScript error: resource://gre/actors/AutoCompleteChild.jsm, line 125: Error: Invalid autocomplete selectedIndex
JavaScript error: resource://gre/actors/AutoCompleteChild.jsm, line 125: Error: Invalid autocomplete selectedIndex
JavaScript error: resource://gre/actors/AutoCompleteChild.jsm, line 125: Error: Invalid autocomplete selectedIndex
JavaScript error: resource://gre/actors/AutoCompleteChild.jsm, line 125: Error: Invalid autocomplete selectedIndex

(firefox:8840): GLib-GObject-CRITICAL **: 20:11:52.096: g_type_add_interface_static: assertion 'g_type_parent (interface_type) == G_TYPE_INTERFACE' failed

(firefox:8840): GLib-GObject-CRITICAL **: 20:11:52.096: g_type_add_interface_static: assertion 'g_type_parent (interface_type) == G_TYPE_INTERFACE' failed

(firefox:8840): GLib-GObject-CRITICAL **: 20:11:52.096: g_type_add_interface_static: assertion 'g_type_parent (interface_type) == G_TYPE_INTERFACE' failed

(firefox:8840): GLib-GObject-CRITICAL **: 20:11:52.096: g_type_add_interface_static: assertion 'g_type_parent (interface_type) == G_TYPE_INTERFACE' failed

(firefox:8840): GLib-GObject-CRITICAL **: 20:11:52.096: g_type_add_interface_static: assertion 'g_type_parent (interface_type) == G_TYPE_INTERFACE' failed

(firefox:8840): GLib-GObject-CRITICAL **: 20:11:52.096: g_type_add_interface_static: assertion 'g_type_parent (interface_type) == G_TYPE_INTERFACE' failed

(firefox:8840): GLib-GObject-WARNING **: 20:11:52.123: ../gobject/gsignal.c:3499: signal name 'load_complete' is invalid for instance '0x7f46af271950' of type 'MaiAtkType139'

(firefox:8840): GLib-GObject-WARNING **: 20:11:52.123: ../gobject/gsignal.c:3499: signal name 'load_complete' is invalid for instance '0x7f46af271830' of type 'MaiAtkType139'

(firefox:8840): GLib-GObject-CRITICAL **: 20:11:52.138: g_type_add_interface_static: assertion 'g_type_parent (interface_type) == G_TYPE_INTERFACE' failed

(firefox:8840): GLib-GObject-CRITICAL **: 20:11:52.163: g_type_add_interface_static: assertion 'g_type_parent (interface_type) == G_TYPE_INTERFACE' failed

(firefox:8840): GLib-GObject-CRITICAL **: 20:11:52.163: g_type_add_interface_static: assertion 'g_type_parent (interface_type) == G_TYPE_INTERFACE' failed

(firefox:8840): GLib-GObject-WARNING **: 20:12:31.565: ../gobject/gsignal.c:3499: signal name 'load_complete' is invalid for instance '0x7f4871a06b30' of type 'MaiAtkType139'

(firefox:8840): GLib-GObject-CRITICAL **: 20:12:31.589: g_type_add_interface_static: assertion 'g_type_parent (interface_type) == G_TYPE_INTERFACE' failed

(firefox:8840): GLib-GObject-WARNING **: 20:12:32.340: ../gobject/gsignal.c:3499: signal name 'load_complete' is invalid for instance '0x7f487370c350' of type 'MaiAtkType139'

(firefox:8840): GLib-GObject-WARNING **: 20:12:32.340: ../gobject/gsignal.c:3499: signal name 'load_complete' is invalid for instance '0x7f487371f3b0' of type 'MaiAtkType139'

(firefox:8840): GLib-GObject-CRITICAL **: 20:12:34.383: g_type_add_interface_static: assertion 'g_type_parent (interface_type) == G_TYPE_INTERFACE' failed

(firefox:8840): GLib-GObject-CRITICAL **: 20:12:55.790: g_type_add_interface_static: assertion 'g_type_parent (interface_type) == G_TYPE_INTERFACE' failed
1640735435950	geckodriver	INFO	Listening on 127.0.0.1:43911
1640735435953	mozrunner::runner	INFO	Running command: "/usr/bin/firefox" "--marionette" "--start-maximized" "-foreground" "-no-remote" "-profile" "/tmp/rust_mozprofileaBUcAg"
1640735436355	Marionette	INFO	Marionette enabled
console.warn: SearchSettings: "get: No settings file exists, new profile?" (new NotFoundError("Could not open the file at /tmp/rust_mozprofileaBUcAg/search.json.mozlz4", (void 0)))
1640735438074	Marionette	INFO	Listening on port 35153
1640735438168	RemoteAgent	WARN	TLS certificate errors will be ignored for this session
JavaScript error: resource://gre/modules/XULStore.jsm, line 66: Error: Can't find profile directory.
JavaScript error: resource://gre/modules/XULStore.jsm, line 66: Error: Can't find profile directory.
Exiting due to channel error.
Exiting due to channel error.
Exiting due to channel error.
1640735619476	geckodriver	INFO	Listening on 127.0.0.1:44217
1640735619479	mozrunner::runner	INFO	Running command: "/usr/bin/firefox" "--marionette" "--start-maximized" "-foreground" "-no-remote" "-profile" "/tmp/rust_mozprofiletUWiaO"
1640735619894	Marionette	INFO	Marionette enabled
console.warn: SearchSettings: "get: No settings file exists, new profile?" (new NotFoundError("Could not open the file at /tmp/rust_mozprofiletUWiaO/search.json.mozlz4", (void 0)))
1640735621530	Marionette	INFO	Listening on port 34755
1640735621594	RemoteAgent	WARN	TLS certificate errors will be ignored for this session
JavaScript error: resource://gre/modules/XULStore.jsm, line 66: Error: Can't find profile directory.
JavaScript error: resource://gre/modules/XULStore.jsm, line 66: Error: Can't find profile directory.
1640735675709	Marionette	INFO	Stopped listening on port 34755
JavaScript error: resource:///modules/Interactions.jsm, line 209: NS_ERROR_FAILURE: Component returned failure code: 0x80004005 (NS_ERROR_FAILURE) [nsIUserIdleService.removeIdleObserver]
JavaScript error: chrome://remote/content/marionette/cert.js, line 55: NS_ERROR_NOT_AVAILABLE: Component returned failure code: 0x80040111 (NS_ERROR_NOT_AVAILABLE) [nsICertOverrideService.setDisableAllSecurityChecksAndLetAttackersInterceptMyData]

###!!! [Parent][RunMessage] Error: Channel closing: too late to send/recv, messages will be lost

1640735837668	geckodriver	INFO	Listening on 127.0.0.1:49557
1640735837670	mozrunner::runner	INFO	Running command: "/usr/bin/firefox" "--marionette" "--start-maximized" "-foreground" "-no-remote" "-profile" "/tmp/rust_mozprofileykAa4t"
1640735838292	Marionette	INFO	Marionette enabled
console.warn: SearchSettings: "get: No settings file exists, new profile?" (new NotFoundError("Could not open the file at /tmp/rust_mozprofileykAa4t/search.json.mozlz4", (void 0)))
1640735840060	Marionette	INFO	Listening on port 32953
1640735840084	RemoteAgent	WARN	TLS certificate errors will be ignored for this session
JavaScript error: resource://gre/modules/XULStore.jsm, line 66: Error: Can't find profile directory.
JavaScript error: resource://gre/modules/XULStore.jsm, line 66: Error: Can't find profile directory.
JavaScript error: resource://gre/actors/AutoCompleteChild.jsm, line 125: Error: Invalid autocomplete selectedIndex
JavaScript error: resource://gre/actors/AutoCompleteChild.jsm, line 125: Error: Invalid autocomplete selectedIndex
JavaScript error: resource://gre/actors/AutoCompleteChild.jsm, line 125: Error: Invalid autocomplete selectedIndex
JavaScript error: resource://gre/actors/AutoCompleteChild.jsm, line 125: Error: Invalid autocomplete selectedIndex
JavaScript error: resource://gre/actors/AutoCompleteChild.jsm, line 125: Error: Invalid autocomplete selectedIndex
JavaScript error: resource://gre/actors/AutoCompleteChild.jsm, line 125: Error: Invalid autocomplete selectedIndex
JavaScript error: resource://gre/actors/AutoCompleteChild.jsm, line 125: Error: Invalid autocomplete selectedIndex
1640736106066	geckodriver	INFO	Listening on 127.0.0.1:53507
1640736106069	mozrunner::runner	INFO	Running command: "/usr/bin/firefox" "--marionette" "--start-maximized" "-foreground" "-no-remote" "-profile" "/tmp/rust_mozprofileWQlUES"
1640736106472	Marionette	INFO	Marionette enabled
console.warn: SearchSettings: "get: No settings file exists, new profile?" (new NotFoundError("Could not open the file at /tmp/rust_mozprofileWQlUES/search.json.mozlz4", (void 0)))
1640736108033	Marionette	INFO	Listening on port 42511
1640736108089	RemoteAgent	WARN	TLS certificate errors will be ignored for this session
JavaScript error: resource://gre/modules/XULStore.jsm, line 66: Error: Can't find profile directory.
JavaScript error: resource://gre/modules/XULStore.jsm, line 66: Error: Can't find profile directory.
Exiting due to channel error.
Exiting due to channel error.
Exiting due to channel error.
1640736187519	geckodriver	INFO	Listening on 127.0.0.1:55341
1640736187522	mozrunner::runner	INFO	Running command: "/usr/bin/firefox" "--marionette" "--start-maximized" "-foreground" "-no-remote" "-profile" "/tmp/rust_mozprofileEkmReb"
1640736187941	Marionette	INFO	Marionette enabled
console.warn: SearchSettings: "get: No settings file exists, new profile?" (new NotFoundError("Could not open the file at /tmp/rust_mozprofileEkmReb/search.json.mozlz4", (void 0)))
1640736189593	Marionette	INFO	Listening on port 39341
1640736189639	RemoteAgent	WARN	TLS certificate errors will be ignored for this session
JavaScript error: resource://gre/modules/XULStore.jsm, line 66: Error: Can't find profile directory.
JavaScript error: resource://gre/modules/XULStore.jsm, line 66: Error: Can't find profile directory.
1640736208861	Marionette	INFO	Stopped listening on port 39341
JavaScript error: resource:///modules/Interactions.jsm, line 209: NS_ERROR_FAILURE: Component returned failure code: 0x80004005 (NS_ERROR_FAILURE) [nsIUserIdleService.removeIdleObserver]
JavaScript error: chrome://remote/content/marionette/cert.js, line 55: NS_ERROR_NOT_AVAILABLE: Component returned failure code: 0x80040111 (NS_ERROR_NOT_AVAILABLE) [nsICertOverrideService.setDisableAllSecurityChecksAndLetAttackersInterceptMyData]

###!!! [Parent][RunMessage] Error: Channel closing: too late to send/recv, messages will be lost

1640736223911	geckodriver	INFO	Listening on 127.0.0.1:36027
1640736223914	mozrunner::runner	INFO	Running command: "/usr/bin/firefox" "--marionette" "--start-maximized" "-foreground" "-no-remote" "-profile" "/tmp/rust_mozprofile8UG6N9"
1640736224314	Marionette	INFO	Marionette enabled
console.warn: SearchSettings: "get: No settings file exists, new profile?" (new NotFoundError("Could not open the file at /tmp/rust_mozprofile8UG6N9/search.json.mozlz4", (void 0)))
1640736225956	Marionette	INFO	Listening on port 43317
1640736226028	RemoteAgent	WARN	TLS certificate errors will be ignored for this session
JavaScript error: resource://gre/modules/XULStore.jsm, line 66: Error: Can't find profile directory.
JavaScript error: resource://gre/modules/XULStore.jsm, line 66: Error: Can't find profile directory.
console.log: WebExtensions: reset-default-search: starting.
console.log: WebExtensions: reset-default-search: No addons in our list are installed.
1640736297954	Marionette	INFO	Stopped listening on port 32953
JavaScript error: resource:///modules/Interactions.jsm, line 209: NS_ERROR_FAILURE: Component returned failure code: 0x80004005 (NS_ERROR_FAILURE) [nsIUserIdleService.removeIdleObserver]

###!!! [Parent][RunMessage] Error: Channel closing: too late to send/recv, messages will be lost

1640736310436	geckodriver	INFO	Listening on 127.0.0.1:58567
1640736310440	mozrunner::runner	INFO	Running command: "/usr/bin/firefox" "--marionette" "--start-maximized" "-foreground" "-no-remote" "-profile" "/tmp/rust_mozprofileEwczV5"
1640736311010	Marionette	INFO	Marionette enabled
console.warn: SearchSettings: "get: No settings file exists, new profile?" (new NotFoundError("Could not open the file at /tmp/rust_mozprofileEwczV5/search.json.mozlz4", (void 0)))
1640736313071	Marionette	INFO	Listening on port 46153
1640736313156	RemoteAgent	WARN	TLS certificate errors will be ignored for this session
JavaScript error: resource://gre/modules/XULStore.jsm, line 66: Error: Can't find profile directory.
JavaScript error: resource://gre/modules/XULStore.jsm, line 66: Error: Can't find profile directory.
1640736346470	Marionette	INFO	Stopped listening on port 46153
JavaScript error: resource:///modules/Interactions.jsm, line 209: NS_ERROR_FAILURE: Component returned failure code: 0x80004005 (NS_ERROR_FAILURE) [nsIUserIdleService.removeIdleObserver]
JavaScript error: chrome://remote/content/marionette/cert.js, line 55: NS_ERROR_NOT_AVAILABLE: Component returned failure code: 0x80040111 (NS_ERROR_NOT_AVAILABLE) [nsICertOverrideService.setDisableAllSecurityChecksAndLetAttackersInterceptMyData]

###!!! [Parent][RunMessage] Error: Channel closing: too late to send/recv, messages will be lost

1640823325794	geckodriver	INFO	Listening on 127.0.0.1:34199
1640823326794	mozrunner::runner	INFO	Running command: "/usr/bin/firefox" "--marionette" "--start-maximized" "-foreground" "-no-remote" "-profile" "/tmp/rust_mozprofileiWsAIc"
1640823327701	Marionette	INFO	Marionette enabled
console.warn: SearchSettings: "get: No settings file exists, new profile?" (new NotFoundError("Could not open the file at /tmp/rust_mozprofileiWsAIc/search.json.mozlz4", (void 0)))
1640823329294	Marionette	INFO	Listening on port 36365
1640823329311	RemoteAgent	WARN	TLS certificate errors will be ignored for this session
JavaScript error: resource://gre/modules/XULStore.jsm, line 66: Error: Can't find profile directory.
JavaScript error: resource://gre/modules/XULStore.jsm, line 66: Error: Can't find profile directory.
console.warn: LoginRecipes: "getRecipes: falling back to a synchronous message for:" "https://robotsparebinindustries.com"
1640823410672	geckodriver	INFO	Listening on 127.0.0.1:59451
1640823411068	mozrunner::runner	INFO	Running command: "/usr/bin/firefox" "--marionette" "--start-maximized" "-foreground" "-no-remote" "-profile" "/tmp/rust_mozprofileW4nbak"
1640823450813	geckodriver	INFO	Listening on 127.0.0.1:43911
1640823450815	mozrunner::runner	INFO	Running command: "/usr/bin/firefox" "--marionette" "--start-maximized" "-foreground" "-no-remote" "-profile" "/tmp/rust_mozprofile8eUEXQ"
1640823451218	Marionette	INFO	Marionette enabled
console.warn: SearchSettings: "get: No settings file exists, new profile?" (new NotFoundError("Could not open the file at /tmp/rust_mozprofile8eUEXQ/search.json.mozlz4", (void 0)))
1640823452901	Marionette	INFO	Listening on port 42631
1640823452930	RemoteAgent	WARN	TLS certificate errors will be ignored for this session
JavaScript error: resource://gre/modules/XULStore.jsm, line 66: Error: Can't find profile directory.
JavaScript error: resource://gre/modules/XULStore.jsm, line 66: Error: Can't find profile directory.
console.warn: LoginRecipes: "getRecipes: falling back to a synchronous message for:" "https://robotsparebinindustries.com"
1640823830200	Marionette	INFO	Stopped listening on port 42631
JavaScript error: resource:///modules/Interactions.jsm, line 209: NS_ERROR_FAILURE: Component returned failure code: 0x80004005 (NS_ERROR_FAILURE) [nsIUserIdleService.removeIdleObserver]

###!!! [Parent][RunMessage] Error: Channel closing: too late to send/recv, messages will be lost

1640823835877	geckodriver	INFO	Listening on 127.0.0.1:45073
1640823835879	mozrunner::runner	INFO	Running command: "/usr/bin/firefox" "--marionette" "--start-maximized" "-foreground" "-no-remote" "-profile" "/tmp/rust_mozprofileLKaZl8"
1640823836284	Marionette	INFO	Marionette enabled
console.warn: SearchSettings: "get: No settings file exists, new profile?" (new NotFoundError("Could not open the file at /tmp/rust_mozprofileLKaZl8/search.json.mozlz4", (void 0)))
1640823837872	Marionette	INFO	Listening on port 39643
1640823837895	RemoteAgent	WARN	TLS certificate errors will be ignored for this session
JavaScript error: resource://gre/modules/XULStore.jsm, line 66: Error: Can't find profile directory.
JavaScript error: resource://gre/modules/XULStore.jsm, line 66: Error: Can't find profile directory.
console.log: WebExtensions: reset-default-search: starting.
console.log: WebExtensions: reset-default-search: No addons in our list are installed.
1640827819336	Marionette	INFO	Stopped listening on port 39643
JavaScript error: resource:///modules/Interactions.jsm, line 209: NS_ERROR_FAILURE: Component returned failure code: 0x80004005 (NS_ERROR_FAILURE) [nsIUserIdleService.removeIdleObserver]

###!!! [Parent][RunMessage] Error: Channel closing: too late to send/recv, messages will be lost

1640827831497	geckodriver	INFO	Listening on 127.0.0.1:39365
1640827831500	mozrunner::runner	INFO	Running command: "/usr/bin/firefox" "--marionette" "--start-maximized" "-foreground" "-no-remote" "-profile" "/tmp/rust_mozprofilebg9Hj5"
1640827831910	Marionette	INFO	Marionette enabled
console.warn: SearchSettings: "get: No settings file exists, new profile?" (new NotFoundError("Could not open the file at /tmp/rust_mozprofilebg9Hj5/search.json.mozlz4", (void 0)))
1640827833502	Marionette	INFO	Listening on port 38159
1640827833616	RemoteAgent	WARN	TLS certificate errors will be ignored for this session
JavaScript error: resource://gre/modules/XULStore.jsm, line 66: Error: Can't find profile directory.
JavaScript error: resource://gre/modules/XULStore.jsm, line 66: Error: Can't find profile directory.
console.warn: LoginRecipes: "getRecipes: falling back to a synchronous message for:" "https://robotsparebinindustries.com"
Exiting due to channel error.
Exiting due to channel error.
Exiting due to channel error.
1640827915395	geckodriver	INFO	Listening on 127.0.0.1:50293
1640827915398	mozrunner::runner	INFO	Running command: "/usr/bin/firefox" "--marionette" "--start-maximized" "-foreground" "-no-remote" "-profile" "/tmp/rust_mozprofilesbvshc"
1640827915815	Marionette	INFO	Marionette enabled
console.warn: SearchSettings: "get: No settings file exists, new profile?" (new NotFoundError("Could not open the file at /tmp/rust_mozprofilesbvshc/search.json.mozlz4", (void 0)))
1640827917314	Marionette	INFO	Listening on port 43647
1640827917419	RemoteAgent	WARN	TLS certificate errors will be ignored for this session
JavaScript error: resource://gre/modules/XULStore.jsm, line 66: Error: Can't find profile directory.
JavaScript error: resource://gre/modules/XULStore.jsm, line 66: Error: Can't find profile directory.
1640828048198	Marionette	INFO	Stopped listening on port 43647
JavaScript error: resource:///modules/Interactions.jsm, line 209: NS_ERROR_FAILURE: Component returned failure code: 0x80004005 (NS_ERROR_FAILURE) [nsIUserIdleService.removeIdleObserver]
JavaScript error: chrome://remote/content/marionette/cert.js, line 55: NS_ERROR_NOT_AVAILABLE: Component returned failure code: 0x80040111 (NS_ERROR_NOT_AVAILABLE) [nsICertOverrideService.setDisableAllSecurityChecksAndLetAttackersInterceptMyData]

###!!! [Parent][RunMessage] Error: Channel closing: too late to send/recv, messages will be lost

1640828059141	geckodriver	INFO	Listening on 127.0.0.1:56505
1640828059144	mozrunner::runner	INFO	Running command: "/usr/bin/firefox" "--marionette" "--start-maximized" "-foreground" "-no-remote" "-profile" "/tmp/rust_mozprofilexOcDrD"
1640828059560	Marionette	INFO	Marionette enabled
console.warn: SearchSettings: "get: No settings file exists, new profile?" (new NotFoundError("Could not open the file at /tmp/rust_mozprofilexOcDrD/search.json.mozlz4", (void 0)))
1640828061031	Marionette	INFO	Listening on port 45759
1640828061113	RemoteAgent	WARN	TLS certificate errors will be ignored for this session
JavaScript error: resource://gre/modules/XULStore.jsm, line 66: Error: Can't find profile directory.
JavaScript error: resource://gre/modules/XULStore.jsm, line 66: Error: Can't find profile directory.
console.log: WebExtensions: reset-default-search: starting.
console.log: WebExtensions: reset-default-search: No addons in our list are installed.
Exiting due to channel error.
Exiting due to channel error.
Exiting due to channel error.
1640829021290	geckodriver	INFO	Listening on 127.0.0.1:33375
1640829021293	mozrunner::runner	INFO	Running command: "/usr/bin/firefox" "--marionette" "--start-maximized" "-foreground" "-no-remote" "-profile" "/tmp/rust_mozprofileyfmTEg"
1640829021708	Marionette	INFO	Marionette enabled
console.warn: SearchSettings: "get: No settings file exists, new profile?" (new NotFoundError("Could not open the file at /tmp/rust_mozprofileyfmTEg/search.json.mozlz4", (void 0)))
1640829023507	Marionette	INFO	Listening on port 43013
1640829023608	RemoteAgent	WARN	TLS certificate errors will be ignored for this session
JavaScript error: resource://gre/modules/XULStore.jsm, line 66: Error: Can't find profile directory.
JavaScript error: resource://gre/modules/XULStore.jsm, line 66: Error: Can't find profile directory.
1640829417061	geckodriver	INFO	Listening on 127.0.0.1:54181
1640829417064	mozrunner::runner	INFO	Running command: "/usr/bin/firefox" "--marionette" "--start-maximized" "-foreground" "-no-remote" "-profile" "/tmp/rust_mozprofilegWbeVC"
1640829417483	Marionette	INFO	Marionette enabled
console.warn: SearchSettings: "get: No settings file exists, new profile?" (new NotFoundError("Could not open the file at /tmp/rust_mozprofilegWbeVC/search.json.mozlz4", (void 0)))
1640829419121	Marionette	INFO	Listening on port 43785
1640829419202	RemoteAgent	WARN	TLS certificate errors will be ignored for this session
JavaScript error: resource://gre/modules/XULStore.jsm, line 66: Error: Can't find profile directory.
JavaScript error: resource://gre/modules/XULStore.jsm, line 66: Error: Can't find profile directory.
1640829769993	geckodriver	INFO	Listening on 127.0.0.1:42173
1640829769998	mozrunner::runner	INFO	Running command: "/usr/bin/firefox" "--marionette" "--start-maximized" "-foreground" "-no-remote" "-profile" "/tmp/rust_mozprofilePJNt6s"
1640829770435	Marionette	INFO	Marionette enabled
console.warn: SearchSettings: "get: No settings file exists, new profile?" (new NotFoundError("Could not open the file at /tmp/rust_mozprofilePJNt6s/search.json.mozlz4", (void 0)))
1640829771889	Marionette	INFO	Listening on port 34071
1640829771969	RemoteAgent	WARN	TLS certificate errors will be ignored for this session
JavaScript error: resource://gre/modules/XULStore.jsm, line 66: Error: Can't find profile directory.
JavaScript error: resource://gre/modules/XULStore.jsm, line 66: Error: Can't find profile directory.
1640829859331	geckodriver	INFO	Listening on 127.0.0.1:33497
1640829859335	mozrunner::runner	INFO	Running command: "/usr/bin/firefox" "--marionette" "--start-maximized" "-foreground" "-no-remote" "-profile" "/tmp/rust_mozprofileq0NKDb"
1640829859741	Marionette	INFO	Marionette enabled
console.warn: SearchSettings: "get: No settings file exists, new profile?" (new NotFoundError("Could not open the file at /tmp/rust_mozprofileq0NKDb/search.json.mozlz4", (void 0)))
1640829861339	Marionette	INFO	Listening on port 36395
1640829861449	RemoteAgent	WARN	TLS certificate errors will be ignored for this session
JavaScript error: resource://gre/modules/XULStore.jsm, line 66: Error: Can't find profile directory.
JavaScript error: resource://gre/modules/XULStore.jsm, line 66: Error: Can't find profile directory.
1640830027886	geckodriver	INFO	Listening on 127.0.0.1:55829
1640830027888	mozrunner::runner	INFO	Running command: "/usr/bin/firefox" "--marionette" "--start-maximized" "-foreground" "-no-remote" "-profile" "/tmp/rust_mozprofilerkPHsg"
1640830028316	Marionette	INFO	Marionette enabled
console.warn: SearchSettings: "get: No settings file exists, new profile?" (new NotFoundError("Could not open the file at /tmp/rust_mozprofilerkPHsg/search.json.mozlz4", (void 0)))
1640830029856	Marionette	INFO	Listening on port 34529
1640830029937	RemoteAgent	WARN	TLS certificate errors will be ignored for this session
JavaScript error: resource://gre/modules/XULStore.jsm, line 66: Error: Can't find profile directory.
JavaScript error: resource://gre/modules/XULStore.jsm, line 66: Error: Can't find profile directory.
1640830163328	Marionette	INFO	Stopped listening on port 34529
JavaScript error: resource:///modules/Interactions.jsm, line 209: NS_ERROR_FAILURE: Component returned failure code: 0x80004005 (NS_ERROR_FAILURE) [nsIUserIdleService.removeIdleObserver]

###!!! [Parent][RunMessage] Error: Channel closing: too late to send/recv, messages will be lost

1640830180532	geckodriver	INFO	Listening on 127.0.0.1:59945
1640830180534	mozrunner::runner	INFO	Running command: "/usr/bin/firefox" "--marionette" "--start-maximized" "-foreground" "-no-remote" "-profile" "/tmp/rust_mozprofile7mclyk"
1640830180989	Marionette	INFO	Marionette enabled
console.warn: SearchSettings: "get: No settings file exists, new profile?" (new NotFoundError("Could not open the file at /tmp/rust_mozprofile7mclyk/search.json.mozlz4", (void 0)))
1640830182706	Marionette	INFO	Listening on port 35377
1640830182756	RemoteAgent	WARN	TLS certificate errors will be ignored for this session
JavaScript error: resource://gre/modules/XULStore.jsm, line 66: Error: Can't find profile directory.
JavaScript error: resource://gre/modules/XULStore.jsm, line 66: Error: Can't find profile directory.
1640830224562	Marionette	INFO	Stopped listening on port 35377
JavaScript error: resource:///modules/Interactions.jsm, line 209: NS_ERROR_FAILURE: Component returned failure code: 0x80004005 (NS_ERROR_FAILURE) [nsIUserIdleService.removeIdleObserver]

###!!! [Parent][RunMessage] Error: Channel closing: too late to send/recv, messages will be lost

1640830231147	geckodriver	INFO	Listening on 127.0.0.1:43155
1640830231149	mozrunner::runner	INFO	Running command: "/usr/bin/firefox" "--marionette" "--start-maximized" "-foreground" "-no-remote" "-profile" "/tmp/rust_mozprofilelbE3cO"
1640830231587	Marionette	INFO	Marionette enabled
console.warn: SearchSettings: "get: No settings file exists, new profile?" (new NotFoundError("Could not open the file at /tmp/rust_mozprofilelbE3cO/search.json.mozlz4", (void 0)))
1640830233177	Marionette	INFO	Listening on port 38177
1640830233273	RemoteAgent	WARN	TLS certificate errors will be ignored for this session
JavaScript error: resource://gre/modules/XULStore.jsm, line 66: Error: Can't find profile directory.
JavaScript error: resource://gre/modules/XULStore.jsm, line 66: Error: Can't find profile directory.
1640830316479	Marionette	INFO	Stopped listening on port 38177
JavaScript error: resource:///modules/Interactions.jsm, line 209: NS_ERROR_FAILURE: Component returned failure code: 0x80004005 (NS_ERROR_FAILURE) [nsIUserIdleService.removeIdleObserver]

###!!! [Parent][RunMessage] Error: Channel closing: too late to send/recv, messages will be lost

1640830322255	geckodriver	INFO	Listening on 127.0.0.1:35535
1640830322257	mozrunner::runner	INFO	Running command: "/usr/bin/firefox" "--marionette" "--start-maximized" "-foreground" "-no-remote" "-profile" "/tmp/rust_mozprofileN1601L"
1640830322673	Marionette	INFO	Marionette enabled
console.warn: SearchSettings: "get: No settings file exists, new profile?" (new NotFoundError("Could not open the file at /tmp/rust_mozprofileN1601L/search.json.mozlz4", (void 0)))
1640830324323	Marionette	INFO	Listening on port 38489
1640830324373	RemoteAgent	WARN	TLS certificate errors will be ignored for this session
JavaScript error: resource://gre/modules/XULStore.jsm, line 66: Error: Can't find profile directory.
JavaScript error: resource://gre/modules/XULStore.jsm, line 66: Error: Can't find profile directory.
console.log: WebExtensions: reset-default-search: starting.
console.log: WebExtensions: reset-default-search: No addons in our list are installed.
1640831022814	Marionette	INFO	Stopped listening on port 38489
JavaScript error: resource:///modules/Interactions.jsm, line 209: NS_ERROR_FAILURE: Component returned failure code: 0x80004005 (NS_ERROR_FAILURE) [nsIUserIdleService.removeIdleObserver]

###!!! [Parent][RunMessage] Error: Channel closing: too late to send/recv, messages will be lost

1640831030279	geckodriver	INFO	Listening on 127.0.0.1:51577
1640831030281	mozrunner::runner	INFO	Running command: "/usr/bin/firefox" "--marionette" "--start-maximized" "-foreground" "-no-remote" "-profile" "/tmp/rust_mozprofilekxf4cq"
1640831030696	Marionette	INFO	Marionette enabled
console.warn: SearchSettings: "get: No settings file exists, new profile?" (new NotFoundError("Could not open the file at /tmp/rust_mozprofilekxf4cq/search.json.mozlz4", (void 0)))
1640831032192	Marionette	INFO	Listening on port 35433
1640831032299	RemoteAgent	WARN	TLS certificate errors will be ignored for this session
JavaScript error: resource://gre/modules/XULStore.jsm, line 66: Error: Can't find profile directory.
JavaScript error: resource://gre/modules/XULStore.jsm, line 66: Error: Can't find profile directory.
1640831122662	Marionette	INFO	Stopped listening on port 35433
JavaScript error: resource:///modules/Interactions.jsm, line 209: NS_ERROR_FAILURE: Component returned failure code: 0x80004005 (NS_ERROR_FAILURE) [nsIUserIdleService.removeIdleObserver]

###!!! [Parent][RunMessage] Error: Channel closing: too late to send/recv, messages will be lost

1640831128764	geckodriver	INFO	Listening on 127.0.0.1:37439
1640831128766	mozrunner::runner	INFO	Running command: "/usr/bin/firefox" "--marionette" "--start-maximized" "-foreground" "-no-remote" "-profile" "/tmp/rust_mozprofileYMAdUR"
1640831129188	Marionette	INFO	Marionette enabled
console.warn: SearchSettings: "get: No settings file exists, new profile?" (new NotFoundError("Could not open the file at /tmp/rust_mozprofileYMAdUR/search.json.mozlz4", (void 0)))
1640831130729	Marionette	INFO	Listening on port 46585
1640831130811	RemoteAgent	WARN	TLS certificate errors will be ignored for this session
JavaScript error: resource://gre/modules/XULStore.jsm, line 66: Error: Can't find profile directory.
JavaScript error: resource://gre/modules/XULStore.jsm, line 66: Error: Can't find profile directory.
1640831202869	Marionette	INFO	Stopped listening on port 46585
JavaScript error: resource:///modules/Interactions.jsm, line 209: NS_ERROR_FAILURE: Component returned failure code: 0x80004005 (NS_ERROR_FAILURE) [nsIUserIdleService.removeIdleObserver]

###!!! [Parent][RunMessage] Error: Channel closing: too late to send/recv, messages will be lost

1640831213086	geckodriver	INFO	Listening on 127.0.0.1:50011
1640831213089	mozrunner::runner	INFO	Running command: "/usr/bin/firefox" "--marionette" "--start-maximized" "-foreground" "-no-remote" "-profile" "/tmp/rust_mozprofileXARUqL"
1640831213519	Marionette	INFO	Marionette enabled
console.warn: SearchSettings: "get: No settings file exists, new profile?" (new NotFoundError("Could not open the file at /tmp/rust_mozprofileXARUqL/search.json.mozlz4", (void 0)))
1640831215075	Marionette	INFO	Listening on port 44071
1640831215105	RemoteAgent	WARN	TLS certificate errors will be ignored for this session
JavaScript error: resource://gre/modules/XULStore.jsm, line 66: Error: Can't find profile directory.
JavaScript error: resource://gre/modules/XULStore.jsm, line 66: Error: Can't find profile directory.
1640831314874	Marionette	INFO	Stopped listening on port 44071
JavaScript error: resource:///modules/Interactions.jsm, line 209: NS_ERROR_FAILURE: Component returned failure code: 0x80004005 (NS_ERROR_FAILURE) [nsIUserIdleService.removeIdleObserver]
1640831320155	geckodriver	INFO	Listening on 127.0.0.1:39949
1640831320157	mozrunner::runner	INFO	Running command: "/usr/bin/firefox" "--marionette" "--start-maximized" "-foreground" "-no-remote" "-profile" "/tmp/rust_mozprofile6oijGK"
1640831320587	Marionette	INFO	Marionette enabled
console.warn: SearchSettings: "get: No settings file exists, new profile?" (new NotFoundError("Could not open the file at /tmp/rust_mozprofile6oijGK/search.json.mozlz4", (void 0)))
1640831322282	Marionette	INFO	Listening on port 45505
1640831322372	RemoteAgent	WARN	TLS certificate errors will be ignored for this session
JavaScript error: resource://gre/modules/XULStore.jsm, line 66: Error: Can't find profile directory.
JavaScript error: resource://gre/modules/XULStore.jsm, line 66: Error: Can't find profile directory.
1640831408296	Marionette	INFO	Stopped listening on port 45505
JavaScript error: resource:///modules/Interactions.jsm, line 209: NS_ERROR_FAILURE: Component returned failure code: 0x80004005 (NS_ERROR_FAILURE) [nsIUserIdleService.removeIdleObserver]

###!!! [Parent][RunMessage] Error: Channel closing: too late to send/recv, messages will be lost

1640831415238	geckodriver	INFO	Listening on 127.0.0.1:35767
1640831415240	mozrunner::runner	INFO	Running command: "/usr/bin/firefox" "--marionette" "--start-maximized" "-foreground" "-no-remote" "-profile" "/tmp/rust_mozprofileqm9sCb"
1640831415829	Marionette	INFO	Marionette enabled
console.warn: SearchSettings: "get: No settings file exists, new profile?" (new NotFoundError("Could not open the file at /tmp/rust_mozprofileqm9sCb/search.json.mozlz4", (void 0)))
1640831418004	Marionette	INFO	Listening on port 46801
1640831418056	RemoteAgent	WARN	TLS certificate errors will be ignored for this session
JavaScript error: resource://gre/modules/XULStore.jsm, line 66: Error: Can't find profile directory.
JavaScript error: resource://gre/modules/XULStore.jsm, line 66: Error: Can't find profile directory.
1640831634222	Marionette	INFO	Stopped listening on port 46801
JavaScript error: resource:///modules/Interactions.jsm, line 209: NS_ERROR_FAILURE: Component returned failure code: 0x80004005 (NS_ERROR_FAILURE) [nsIUserIdleService.removeIdleObserver]
1640831638340	geckodriver	INFO	Listening on 127.0.0.1:42759
1640831638342	mozrunner::runner	INFO	Running command: "/usr/bin/firefox" "--marionette" "--start-maximized" "-foreground" "-no-remote" "-profile" "/tmp/rust_mozprofilekQLbzp"
1640831638881	Marionette	INFO	Marionette enabled
console.warn: SearchSettings: "get: No settings file exists, new profile?" (new NotFoundError("Could not open the file at /tmp/rust_mozprofilekQLbzp/search.json.mozlz4", (void 0)))
1640831640808	Marionette	INFO	Listening on port 37721
1640831640866	RemoteAgent	WARN	TLS certificate errors will be ignored for this session
JavaScript error: resource://gre/modules/XULStore.jsm, line 66: Error: Can't find profile directory.
JavaScript error: resource://gre/modules/XULStore.jsm, line 66: Error: Can't find profile directory.
1640831724948	Marionette	INFO	Stopped listening on port 37721
JavaScript error: resource:///modules/Interactions.jsm, line 209: NS_ERROR_FAILURE: Component returned failure code: 0x80004005 (NS_ERROR_FAILURE) [nsIUserIdleService.removeIdleObserver]

###!!! [Parent][RunMessage] Error: Channel closing: too late to send/recv, messages will be lost

1640831728955	geckodriver	INFO	Listening on 127.0.0.1:36435
1640831728957	mozrunner::runner	INFO	Running command: "/usr/bin/firefox" "--marionette" "--start-maximized" "-foreground" "-no-remote" "-profile" "/tmp/rust_mozprofilemTRxCe"
1640831729561	Marionette	INFO	Marionette enabled
console.warn: SearchSettings: "get: No settings file exists, new profile?" (new NotFoundError("Could not open the file at /tmp/rust_mozprofilemTRxCe/search.json.mozlz4", (void 0)))
1640831731630	Marionette	INFO	Listening on port 38075
1640831731673	RemoteAgent	WARN	TLS certificate errors will be ignored for this session
JavaScript error: resource://gre/modules/XULStore.jsm, line 66: Error: Can't find profile directory.
JavaScript error: resource://gre/modules/XULStore.jsm, line 66: Error: Can't find profile directory.
1640831892418	Marionette	INFO	Stopped listening on port 38075
JavaScript error: resource:///modules/Interactions.jsm, line 209: NS_ERROR_FAILURE: Component returned failure code: 0x80004005 (NS_ERROR_FAILURE) [nsIUserIdleService.removeIdleObserver]

###!!! [Parent][RunMessage] Error: Channel closing: too late to send/recv, messages will be lost

1640831900831	geckodriver	INFO	Listening on 127.0.0.1:59265
1640831900840	mozrunner::runner	INFO	Running command: "/usr/bin/firefox" "--marionette" "--start-maximized" "-foreground" "-no-remote" "-profile" "/tmp/rust_mozprofileYxQmWI"
1640831901493	Marionette	INFO	Marionette enabled
console.warn: SearchSettings: "get: No settings file exists, new profile?" (new NotFoundError("Could not open the file at /tmp/rust_mozprofileYxQmWI/search.json.mozlz4", (void 0)))
1640831903570	Marionette	INFO	Listening on port 46755
1640831903656	RemoteAgent	WARN	TLS certificate errors will be ignored for this session
JavaScript error: resource://gre/modules/XULStore.jsm, line 66: Error: Can't find profile directory.
JavaScript error: resource://gre/modules/XULStore.jsm, line 66: Error: Can't find profile directory.
1640832007102	Marionette	INFO	Stopped listening on port 46755
JavaScript error: resource:///modules/Interactions.jsm, line 209: NS_ERROR_FAILURE: Component returned failure code: 0x80004005 (NS_ERROR_FAILURE) [nsIUserIdleService.removeIdleObserver]

###!!! [Parent][RunMessage] Error: Channel closing: too late to send/recv, messages will be lost

1640832160710	geckodriver	INFO	Listening on 127.0.0.1:55317
1640832160712	mozrunner::runner	INFO	Running command: "/usr/bin/firefox" "--marionette" "--start-maximized" "-foreground" "-no-remote" "-profile" "/tmp/rust_mozprofile1nf9qK"
1640832161270	Marionette	INFO	Marionette enabled
console.warn: SearchSettings: "get: No settings file exists, new profile?" (new NotFoundError("Could not open the file at /tmp/rust_mozprofile1nf9qK/search.json.mozlz4", (void 0)))
1640832163314	Marionette	INFO	Listening on port 40603
1640832163333	RemoteAgent	WARN	TLS certificate errors will be ignored for this session
JavaScript error: resource://gre/modules/XULStore.jsm, line 66: Error: Can't find profile directory.
JavaScript error: resource://gre/modules/XULStore.jsm, line 66: Error: Can't find profile directory.
1640832204742	Marionette	INFO	Stopped listening on port 40603
JavaScript error: resource:///modules/Interactions.jsm, line 209: NS_ERROR_FAILURE: Component returned failure code: 0x80004005 (NS_ERROR_FAILURE) [nsIUserIdleService.removeIdleObserver]

###!!! [Parent][RunMessage] Error: Channel closing: too late to send/recv, messages will be lost

1640832213152	geckodriver	INFO	Listening on 127.0.0.1:52043
1640832213154	mozrunner::runner	INFO	Running command: "/usr/bin/firefox" "--marionette" "--start-maximized" "-foreground" "-no-remote" "-profile" "/tmp/rust_mozprofilebX0MLa"
1640832213767	Marionette	INFO	Marionette enabled
console.warn: SearchSettings: "get: No settings file exists, new profile?" (new NotFoundError("Could not open the file at /tmp/rust_mozprofilebX0MLa/search.json.mozlz4", (void 0)))
1640832215483	Marionette	INFO	Listening on port 34657
1640832215570	RemoteAgent	WARN	TLS certificate errors will be ignored for this session
JavaScript error: resource://gre/modules/XULStore.jsm, line 66: Error: Can't find profile directory.
JavaScript error: resource://gre/modules/XULStore.jsm, line 66: Error: Can't find profile directory.
1640832305524	geckodriver	INFO	Listening on 127.0.0.1:50757
1640832305526	mozrunner::runner	INFO	Running command: "/usr/bin/firefox" "--marionette" "--start-maximized" "-foreground" "-no-remote" "-profile" "/tmp/rust_mozprofilerCYkn0"
1640832305931	Marionette	INFO	Marionette enabled
console.warn: SearchSettings: "get: No settings file exists, new profile?" (new NotFoundError("Could not open the file at /tmp/rust_mozprofilerCYkn0/search.json.mozlz4", (void 0)))
1640832307533	Marionette	INFO	Listening on port 37569
1640832307640	RemoteAgent	WARN	TLS certificate errors will be ignored for this session
JavaScript error: resource://gre/modules/XULStore.jsm, line 66: Error: Can't find profile directory.
JavaScript error: resource://gre/modules/XULStore.jsm, line 66: Error: Can't find profile directory.
1640832358555	Marionette	INFO	Stopped listening on port 37569
JavaScript error: resource:///modules/Interactions.jsm, line 209: NS_ERROR_FAILURE: Component returned failure code: 0x80004005 (NS_ERROR_FAILURE) [nsIUserIdleService.removeIdleObserver]

###!!! [Parent][RunMessage] Error: Channel closing: too late to send/recv, messages will be lost

1640832359702	Marionette	INFO	Stopped listening on port 34657
JavaScript error: resource:///modules/Interactions.jsm, line 209: NS_ERROR_FAILURE: Component returned failure code: 0x80004005 (NS_ERROR_FAILURE) [nsIUserIdleService.removeIdleObserver]

###!!! [Parent][RunMessage] Error: Channel closing: too late to send/recv, messages will be lost

1640832534969	geckodriver	INFO	Listening on 127.0.0.1:34013
1640832534971	mozrunner::runner	INFO	Running command: "/usr/bin/firefox" "--marionette" "--start-maximized" "-foreground" "-no-remote" "-profile" "/tmp/rust_mozprofile0kvxeR"
1640832535389	Marionette	INFO	Marionette enabled
console.warn: SearchSettings: "get: No settings file exists, new profile?" (new NotFoundError("Could not open the file at /tmp/rust_mozprofile0kvxeR/search.json.mozlz4", (void 0)))
1640832536915	Marionette	INFO	Listening on port 33957
1640832536985	RemoteAgent	WARN	TLS certificate errors will be ignored for this session
JavaScript error: resource://gre/modules/XULStore.jsm, line 66: Error: Can't find profile directory.
JavaScript error: resource://gre/modules/XULStore.jsm, line 66: Error: Can't find profile directory.
1640832560203	Marionette	INFO	Stopped listening on port 33957
JavaScript error: resource:///modules/Interactions.jsm, line 209: NS_ERROR_FAILURE: Component returned failure code: 0x80004005 (NS_ERROR_FAILURE) [nsIUserIdleService.removeIdleObserver]

###!!! [Parent][RunMessage] Error: Channel closing: too late to send/recv, messages will be lost

1640832568711	geckodriver	INFO	Listening on 127.0.0.1:33823
1640832568713	mozrunner::runner	INFO	Running command: "/usr/bin/firefox" "--marionette" "--start-maximized" "-foreground" "-no-remote" "-profile" "/tmp/rust_mozprofile9fA2JF"
1640832569153	Marionette	INFO	Marionette enabled
console.warn: SearchSettings: "get: No settings file exists, new profile?" (new NotFoundError("Could not open the file at /tmp/rust_mozprofile9fA2JF/search.json.mozlz4", (void 0)))
1640832570487	Marionette	INFO	Listening on port 36763
1640832570529	RemoteAgent	WARN	TLS certificate errors will be ignored for this session
JavaScript error: resource://gre/modules/XULStore.jsm, line 66: Error: Can't find profile directory.
JavaScript error: resource://gre/modules/XULStore.jsm, line 66: Error: Can't find profile directory.
1640832691222	Marionette	INFO	Stopped listening on port 36763
JavaScript error: resource:///modules/Interactions.jsm, line 209: NS_ERROR_FAILURE: Component returned failure code: 0x80004005 (NS_ERROR_FAILURE) [nsIUserIdleService.removeIdleObserver]

###!!! [Parent][RunMessage] Error: Channel closing: too late to send/recv, messages will be lost

1640832756693	geckodriver	INFO	Listening on 127.0.0.1:33835
1640832756696	mozrunner::runner	INFO	Running command: "/usr/bin/firefox" "--marionette" "--start-maximized" "-foreground" "-no-remote" "-profile" "/tmp/rust_mozprofileW0DqhO"
1640832757103	Marionette	INFO	Marionette enabled
console.warn: SearchSettings: "get: No settings file exists, new profile?" (new NotFoundError("Could not open the file at /tmp/rust_mozprofileW0DqhO/search.json.mozlz4", (void 0)))
1640832758764	Marionette	INFO	Listening on port 32895
1640832758810	RemoteAgent	WARN	TLS certificate errors will be ignored for this session
JavaScript error: resource://gre/modules/XULStore.jsm, line 66: Error: Can't find profile directory.
JavaScript error: resource://gre/modules/XULStore.jsm, line 66: Error: Can't find profile directory.
console.error: Region.jsm: "Error fetching region" (new Error("TIMEOUT", "resource://gre/modules/Region.jsm", 772))
console.error: Region.jsm: "Failed to fetch region" (new Error("TIMEOUT", "resource://gre/modules/Region.jsm", 419))
1640833150348	geckodriver	INFO	Listening on 127.0.0.1:48009
1640833150352	mozrunner::runner	INFO	Running command: "/usr/bin/firefox" "--marionette" "--start-maximized" "-foreground" "-no-remote" "-profile" "/tmp/rust_mozprofilejhYVh9"
1640833151208	Marionette	INFO	Marionette enabled
console.warn: SearchSettings: "get: No settings file exists, new profile?" (new NotFoundError("Could not open the file at /tmp/rust_mozprofilejhYVh9/search.json.mozlz4", (void 0)))
1640833152769	Marionette	INFO	Listening on port 40933
1640833152868	RemoteAgent	WARN	TLS certificate errors will be ignored for this session
JavaScript error: resource://gre/modules/XULStore.jsm, line 66: Error: Can't find profile directory.
JavaScript error: resource://gre/modules/XULStore.jsm, line 66: Error: Can't find profile directory.
1640833268423	Marionette	INFO	Stopped listening on port 40933
JavaScript error: resource:///modules/Interactions.jsm, line 209: NS_ERROR_FAILURE: Component returned failure code: 0x80004005 (NS_ERROR_FAILURE) [nsIUserIdleService.removeIdleObserver]
JavaScript error: chrome://remote/content/marionette/cert.js, line 55: NS_ERROR_NOT_AVAILABLE: Component returned failure code: 0x80040111 (NS_ERROR_NOT_AVAILABLE) [nsICertOverrideService.setDisableAllSecurityChecksAndLetAttackersInterceptMyData]

###!!! [Parent][RunMessage] Error: Channel closing: too late to send/recv, messages will be lost

1640833281540	geckodriver	INFO	Listening on 127.0.0.1:47047
1640833281544	mozrunner::runner	INFO	Running command: "/usr/bin/firefox" "--marionette" "--start-maximized" "-foreground" "-no-remote" "-profile" "/tmp/rust_mozprofileQRSk0e"
1640833281958	Marionette	INFO	Marionette enabled
console.warn: SearchSettings: "get: No settings file exists, new profile?" (new NotFoundError("Could not open the file at /tmp/rust_mozprofileQRSk0e/search.json.mozlz4", (void 0)))
1640833283455	Marionette	INFO	Listening on port 38551
1640833283558	RemoteAgent	WARN	TLS certificate errors will be ignored for this session
JavaScript error: resource://gre/modules/XULStore.jsm, line 66: Error: Can't find profile directory.
JavaScript error: resource://gre/modules/XULStore.jsm, line 66: Error: Can't find profile directory.
1640833352428	geckodriver	INFO	Listening on 127.0.0.1:40119
1640833352432	mozrunner::runner	INFO	Running command: "/usr/bin/firefox" "--marionette" "--start-maximized" "-foreground" "-no-remote" "-profile" "/tmp/rust_mozprofilelPsHE8"
1640833352860	Marionette	INFO	Marionette enabled
console.warn: SearchSettings: "get: No settings file exists, new profile?" (new NotFoundError("Could not open the file at /tmp/rust_mozprofilelPsHE8/search.json.mozlz4", (void 0)))
1640833354358	Marionette	INFO	Listening on port 46737
1640833354453	RemoteAgent	WARN	TLS certificate errors will be ignored for this session
JavaScript error: resource://gre/modules/XULStore.jsm, line 66: Error: Can't find profile directory.
JavaScript error: resource://gre/modules/XULStore.jsm, line 66: Error: Can't find profile directory.
1640833593431	Marionette	INFO	Stopped listening on port 46737
JavaScript error: resource:///modules/Interactions.jsm, line 209: NS_ERROR_FAILURE: Component returned failure code: 0x80004005 (NS_ERROR_FAILURE) [nsIUserIdleService.removeIdleObserver]
JavaScript error: chrome://remote/content/marionette/cert.js, line 55: NS_ERROR_NOT_AVAILABLE: Component returned failure code: 0x80040111 (NS_ERROR_NOT_AVAILABLE) [nsICertOverrideService.setDisableAllSecurityChecksAndLetAttackersInterceptMyData]

###!!! [Parent][RunMessage] Error: Channel closing: too late to send/recv, messages will be lost

1640833734843	geckodriver	INFO	Listening on 127.0.0.1:38107
1640833734846	mozrunner::runner	INFO	Running command: "/usr/bin/firefox" "--marionette" "--start-maximized" "-foreground" "-no-remote" "-profile" "/tmp/rust_mozprofileciqeUk"
1640833735250	Marionette	INFO	Marionette enabled
console.warn: SearchSettings: "get: No settings file exists, new profile?" (new NotFoundError("Could not open the file at /tmp/rust_mozprofileciqeUk/search.json.mozlz4", (void 0)))
1640833736631	Marionette	INFO	Listening on port 44913
1640833736662	RemoteAgent	WARN	TLS certificate errors will be ignored for this session
JavaScript error: resource://gre/modules/XULStore.jsm, line 66: Error: Can't find profile directory.
JavaScript error: resource://gre/modules/XULStore.jsm, line 66: Error: Can't find profile directory.
1640833965138	geckodriver	INFO	Listening on 127.0.0.1:42213
1640833965141	mozrunner::runner	INFO	Running command: "/usr/bin/firefox" "--marionette" "--start-maximized" "-foreground" "-no-remote" "-profile" "/tmp/rust_mozprofileAIknlz"
1640833965550	Marionette	INFO	Marionette enabled
console.warn: SearchSettings: "get: No settings file exists, new profile?" (new NotFoundError("Could not open the file at /tmp/rust_mozprofileAIknlz/search.json.mozlz4", (void 0)))
1640833967190	Marionette	INFO	Listening on port 45977
1640833967256	RemoteAgent	WARN	TLS certificate errors will be ignored for this session
JavaScript error: resource://gre/modules/XULStore.jsm, line 66: Error: Can't find profile directory.
JavaScript error: resource://gre/modules/XULStore.jsm, line 66: Error: Can't find profile directory.
1640834108139	Marionette	INFO	Stopped listening on port 45977
JavaScript error: resource:///modules/Interactions.jsm, line 209: NS_ERROR_FAILURE: Component returned failure code: 0x80004005 (NS_ERROR_FAILURE) [nsIUserIdleService.removeIdleObserver]

###!!! [Parent][RunMessage] Error: Channel closing: too late to send/recv, messages will be lost

1640834126109	geckodriver	INFO	Listening on 127.0.0.1:39781
1640834126113	mozrunner::runner	INFO	Running command: "/usr/bin/firefox" "--marionette" "--start-maximized" "-foreground" "-no-remote" "-profile" "/tmp/rust_mozprofileUXr2m0"
1640834126554	Marionette	INFO	Marionette enabled
console.warn: SearchSettings: "get: No settings file exists, new profile?" (new NotFoundError("Could not open the file at /tmp/rust_mozprofileUXr2m0/search.json.mozlz4", (void 0)))
1640834128111	Marionette	INFO	Listening on port 33693
1640834128132	RemoteAgent	WARN	TLS certificate errors will be ignored for this session
JavaScript error: resource://gre/modules/XULStore.jsm, line 66: Error: Can't find profile directory.
JavaScript error: resource://gre/modules/XULStore.jsm, line 66: Error: Can't find profile directory.
1640834205235	geckodriver	INFO	Listening on 127.0.0.1:38623
1640834205238	mozrunner::runner	INFO	Running command: "/usr/bin/firefox" "--marionette" "--start-maximized" "-foreground" "-no-remote" "-profile" "/tmp/rust_mozprofileJ6bFVD"
1640834205650	Marionette	INFO	Marionette enabled
console.warn: SearchSettings: "get: No settings file exists, new profile?" (new NotFoundError("Could not open the file at /tmp/rust_mozprofileJ6bFVD/search.json.mozlz4", (void 0)))
1640834207158	Marionette	INFO	Listening on port 44199
1640834207253	RemoteAgent	WARN	TLS certificate errors will be ignored for this session
JavaScript error: resource://gre/modules/XULStore.jsm, line 66: Error: Can't find profile directory.
JavaScript error: resource://gre/modules/XULStore.jsm, line 66: Error: Can't find profile directory.
1640834394894	geckodriver	INFO	Listening on 127.0.0.1:50881
1640834394897	mozrunner::runner	INFO	Running command: "/usr/bin/firefox" "--marionette" "--start-maximized" "-foreground" "-no-remote" "-profile" "/tmp/rust_mozprofiled9QSCu"
1640834395300	Marionette	INFO	Marionette enabled
console.warn: SearchSettings: "get: No settings file exists, new profile?" (new NotFoundError("Could not open the file at /tmp/rust_mozprofiled9QSCu/search.json.mozlz4", (void 0)))
1640834396873	Marionette	INFO	Listening on port 41347
1640834396913	RemoteAgent	WARN	TLS certificate errors will be ignored for this session
JavaScript error: resource://gre/modules/XULStore.jsm, line 66: Error: Can't find profile directory.
JavaScript error: resource://gre/modules/XULStore.jsm, line 66: Error: Can't find profile directory.
1640834596319	Marionette	INFO	Stopped listening on port 41347
JavaScript error: resource:///modules/Interactions.jsm, line 209: NS_ERROR_FAILURE: Component returned failure code: 0x80004005 (NS_ERROR_FAILURE) [nsIUserIdleService.removeIdleObserver]

###!!! [Parent][RunMessage] Error: Channel closing: too late to send/recv, messages will be lost

1640894842557	geckodriver	INFO	Listening on 127.0.0.1:47679
1640894843556	mozrunner::runner	INFO	Running command: "/usr/bin/firefox" "--marionette" "--start-maximized" "-foreground" "-no-remote" "-profile" "/tmp/rust_mozprofileqq01F2"
1640894844374	Marionette	INFO	Marionette enabled
console.warn: SearchSettings: "get: No settings file exists, new profile?" (new NotFoundError("Could not open the file at /tmp/rust_mozprofileqq01F2/search.json.mozlz4", (void 0)))
1640894845945	Marionette	INFO	Listening on port 36713
1640894846026	RemoteAgent	WARN	TLS certificate errors will be ignored for this session
JavaScript error: resource://gre/modules/XULStore.jsm, line 66: Error: Can't find profile directory.
JavaScript error: resource://gre/modules/XULStore.jsm, line 66: Error: Can't find profile directory.
1640895017559	Marionette	INFO	Stopped listening on port 36713
JavaScript error: resource:///modules/Interactions.jsm, line 209: NS_ERROR_FAILURE: Component returned failure code: 0x80004005 (NS_ERROR_FAILURE) [nsIUserIdleService.removeIdleObserver]

###!!! [Parent][RunMessage] Error: Channel closing: too late to send/recv, messages will be lost

1640895330179	geckodriver	INFO	Listening on 127.0.0.1:46147
1640895330187	mozrunner::runner	INFO	Running command: "/usr/bin/firefox" "--marionette" "--start-maximized" "-foreground" "-no-remote" "-profile" "/tmp/rust_mozprofilerVaboA"
1640895330641	Marionette	INFO	Marionette enabled
console.warn: SearchSettings: "get: No settings file exists, new profile?" (new NotFoundError("Could not open the file at /tmp/rust_mozprofilerVaboA/search.json.mozlz4", (void 0)))
1640895332292	Marionette	INFO	Listening on port 42167
1640895332405	RemoteAgent	WARN	TLS certificate errors will be ignored for this session
JavaScript error: resource://gre/modules/XULStore.jsm, line 66: Error: Can't find profile directory.
JavaScript error: resource://gre/modules/XULStore.jsm, line 66: Error: Can't find profile directory.
1640895333728	Marionette	INFO	Stopped listening on port 42167
JavaScript error: resource:///modules/Interactions.jsm, line 209: NS_ERROR_FAILURE: Component returned failure code: 0x80004005 (NS_ERROR_FAILURE) [nsIUserIdleService.removeIdleObserver]
1640895624815	geckodriver	INFO	Listening on 127.0.0.1:57607
1640895624820	mozrunner::runner	INFO	Running command: "/usr/bin/firefox" "--marionette" "--start-maximized" "-foreground" "-no-remote" "-profile" "/tmp/rust_mozprofilejruflr"
1640895625246	Marionette	INFO	Marionette enabled
console.warn: SearchSettings: "get: No settings file exists, new profile?" (new NotFoundError("Could not open the file at /tmp/rust_mozprofilejruflr/search.json.mozlz4", (void 0)))
1640895626793	Marionette	INFO	Listening on port 41205
1640895626876	RemoteAgent	WARN	TLS certificate errors will be ignored for this session
JavaScript error: resource://gre/modules/XULStore.jsm, line 66: Error: Can't find profile directory.
JavaScript error: resource://gre/modules/XULStore.jsm, line 66: Error: Can't find profile directory.
1640895628293	Marionette	INFO	Stopped listening on port 41205
JavaScript error: resource:///modules/Interactions.jsm, line 209: NS_ERROR_FAILURE: Component returned failure code: 0x80004005 (NS_ERROR_FAILURE) [nsIUserIdleService.removeIdleObserver]

###!!! [Parent][RunMessage] Error: Channel closing: too late to send/recv, messages will be lost

1640895774572	geckodriver	INFO	Listening on 127.0.0.1:51311
1640895774576	mozrunner::runner	INFO	Running command: "/usr/bin/firefox" "--marionette" "--start-maximized" "-foreground" "-no-remote" "-profile" "/tmp/rust_mozprofileyHKibW"
1640895774985	Marionette	INFO	Marionette enabled
console.warn: SearchSettings: "get: No settings file exists, new profile?" (new NotFoundError("Could not open the file at /tmp/rust_mozprofileyHKibW/search.json.mozlz4", (void 0)))
1640895776724	Marionette	INFO	Listening on port 40455
1640895776805	RemoteAgent	WARN	TLS certificate errors will be ignored for this session
JavaScript error: resource://gre/modules/XULStore.jsm, line 66: Error: Can't find profile directory.
JavaScript error: resource://gre/modules/XULStore.jsm, line 66: Error: Can't find profile directory.
1640895778004	Marionette	INFO	Stopped listening on port 40455
JavaScript error: resource:///modules/Interactions.jsm, line 209: NS_ERROR_FAILURE: Component returned failure code: 0x80004005 (NS_ERROR_FAILURE) [nsIUserIdleService.removeIdleObserver]

###!!! [Parent][RunMessage] Error: Channel closing: too late to send/recv, messages will be lost

1640895874779	geckodriver	INFO	Listening on 127.0.0.1:48229
1640895874784	mozrunner::runner	INFO	Running command: "/usr/bin/firefox" "--marionette" "--start-maximized" "-foreground" "-no-remote" "-profile" "/tmp/rust_mozprofileGSibUO"
1640895875209	Marionette	INFO	Marionette enabled
console.warn: SearchSettings: "get: No settings file exists, new profile?" (new NotFoundError("Could not open the file at /tmp/rust_mozprofileGSibUO/search.json.mozlz4", (void 0)))
1640895876698	Marionette	INFO	Listening on port 42881
1640895876799	RemoteAgent	WARN	TLS certificate errors will be ignored for this session
JavaScript error: resource://gre/modules/XULStore.jsm, line 66: Error: Can't find profile directory.
JavaScript error: resource://gre/modules/XULStore.jsm, line 66: Error: Can't find profile directory.
1640895877963	Marionette	INFO	Stopped listening on port 42881
JavaScript error: resource:///modules/Interactions.jsm, line 209: NS_ERROR_FAILURE: Component returned failure code: 0x80004005 (NS_ERROR_FAILURE) [nsIUserIdleService.removeIdleObserver]

###!!! [Parent][RunMessage] Error: Channel closing: too late to send/recv, messages will be lost

1640895972118	geckodriver	INFO	Listening on 127.0.0.1:51361
1640895972123	mozrunner::runner	INFO	Running command: "/usr/bin/firefox" "--marionette" "--start-maximized" "-foreground" "-no-remote" "-profile" "/tmp/rust_mozprofilehZiOPy"
1640895972772	Marionette	INFO	Marionette enabled
console.warn: SearchSettings: "get: No settings file exists, new profile?" (new NotFoundError("Could not open the file at /tmp/rust_mozprofilehZiOPy/search.json.mozlz4", (void 0)))
1640895974215	Marionette	INFO	Listening on port 43925
1640895974297	RemoteAgent	WARN	TLS certificate errors will be ignored for this session
JavaScript error: resource://gre/modules/XULStore.jsm, line 66: Error: Can't find profile directory.
JavaScript error: resource://gre/modules/XULStore.jsm, line 66: Error: Can't find profile directory.
1640895975593	Marionette	INFO	Stopped listening on port 43925
JavaScript error: resource:///modules/Interactions.jsm, line 209: NS_ERROR_FAILURE: Component returned failure code: 0x80004005 (NS_ERROR_FAILURE) [nsIUserIdleService.removeIdleObserver]

###!!! [Parent][RunMessage] Error: Channel closing: too late to send/recv, messages will be lost

1640896000223	geckodriver	INFO	Listening on 127.0.0.1:40127
1640896000231	mozrunner::runner	INFO	Running command: "/usr/bin/firefox" "--marionette" "--start-maximized" "-foreground" "-no-remote" "-profile" "/tmp/rust_mozprofiled3taib"
1640896000717	Marionette	INFO	Marionette enabled
console.warn: SearchSettings: "get: No settings file exists, new profile?" (new NotFoundError("Could not open the file at /tmp/rust_mozprofiled3taib/search.json.mozlz4", (void 0)))
1640896002600	Marionette	INFO	Listening on port 41223
1640896002651	RemoteAgent	WARN	TLS certificate errors will be ignored for this session
JavaScript error: resource://gre/modules/XULStore.jsm, line 66: Error: Can't find profile directory.
JavaScript error: resource://gre/modules/XULStore.jsm, line 66: Error: Can't find profile directory.
1640896003964	Marionette	INFO	Stopped listening on port 41223
JavaScript error: resource:///modules/Interactions.jsm, line 209: NS_ERROR_FAILURE: Component returned failure code: 0x80004005 (NS_ERROR_FAILURE) [nsIUserIdleService.removeIdleObserver]

###!!! [Parent][RunMessage] Error: Channel closing: too late to send/recv, messages will be lost

1640896618095	geckodriver	INFO	Listening on 127.0.0.1:35905
1640896618099	mozrunner::runner	INFO	Running command: "/usr/bin/firefox" "--marionette" "--start-maximized" "-foreground" "-no-remote" "-profile" "/tmp/rust_mozprofileBGzypl"
1640896618593	Marionette	INFO	Marionette enabled
console.warn: SearchSettings: "get: No settings file exists, new profile?" (new NotFoundError("Could not open the file at /tmp/rust_mozprofileBGzypl/search.json.mozlz4", (void 0)))
1640896620285	Marionette	INFO	Listening on port 46253
1640896620366	RemoteAgent	WARN	TLS certificate errors will be ignored for this session
JavaScript error: resource://gre/modules/XULStore.jsm, line 66: Error: Can't find profile directory.
JavaScript error: resource://gre/modules/XULStore.jsm, line 66: Error: Can't find profile directory.
1640896789142	Marionette	INFO	Stopped listening on port 46253
JavaScript error: resource:///modules/Interactions.jsm, line 209: NS_ERROR_FAILURE: Component returned failure code: 0x80004005 (NS_ERROR_FAILURE) [nsIUserIdleService.removeIdleObserver]

###!!! [Parent][RunMessage] Error: Channel closing: too late to send/recv, messages will be lost

1640909976521	geckodriver	INFO	Listening on 127.0.0.1:52509
1640909977521	mozrunner::runner	INFO	Running command: "/usr/bin/firefox" "--marionette" "--start-maximized" "-foreground" "-no-remote" "-profile" "/tmp/rust_mozprofilekwuXqD"
1640909978352	Marionette	INFO	Marionette enabled
console.warn: SearchSettings: "get: No settings file exists, new profile?" (new NotFoundError("Could not open the file at /tmp/rust_mozprofilekwuXqD/search.json.mozlz4", (void 0)))
1640909979993	Marionette	INFO	Listening on port 40499
1640909980040	RemoteAgent	WARN	TLS certificate errors will be ignored for this session
JavaScript error: resource://gre/modules/XULStore.jsm, line 66: Error: Can't find profile directory.
JavaScript error: resource://gre/modules/XULStore.jsm, line 66: Error: Can't find profile directory.
1640910103911	Marionette	INFO	Stopped listening on port 40499
JavaScript error: resource:///modules/Interactions.jsm, line 209: NS_ERROR_FAILURE: Component returned failure code: 0x80004005 (NS_ERROR_FAILURE) [nsIUserIdleService.removeIdleObserver]

###!!! [Parent][RunMessage] Error: Channel closing: too late to send/recv, messages will be lost

1640988761523	geckodriver	INFO	Listening on 127.0.0.1:38317
1640988762522	mozrunner::runner	INFO	Running command: "/usr/bin/firefox" "--marionette" "--start-maximized" "-foreground" "-no-remote" "-profile" "/tmp/rust_mozprofilehUrcik"
1640988763605	Marionette	INFO	Marionette enabled
console.warn: SearchSettings: "get: No settings file exists, new profile?" (new NotFoundError("Could not open the file at /tmp/rust_mozprofilehUrcik/search.json.mozlz4", (void 0)))
1640988765872	Marionette	INFO	Listening on port 36099
1640988766210	RemoteAgent	WARN	TLS certificate errors will be ignored for this session
JavaScript error: resource://gre/modules/XULStore.jsm, line 66: Error: Can't find profile directory.
JavaScript error: resource://gre/modules/XULStore.jsm, line 66: Error: Can't find profile directory.
1640988979277	Marionette	INFO	Stopped listening on port 36099
JavaScript error: resource:///modules/Interactions.jsm, line 209: NS_ERROR_FAILURE: Component returned failure code: 0x80004005 (NS_ERROR_FAILURE) [nsIUserIdleService.removeIdleObserver]

###!!! [Parent][RunMessage] Error: Channel closing: too late to send/recv, messages will be lost

1640989168528	geckodriver	INFO	Listening on 127.0.0.1:59471
1640989168530	mozrunner::runner	INFO	Running command: "/usr/bin/firefox" "--marionette" "--start-maximized" "-foreground" "-no-remote" "-profile" "/tmp/rust_mozprofileDJXC0j"
1640989168936	Marionette	INFO	Marionette enabled
console.warn: SearchSettings: "get: No settings file exists, new profile?" (new NotFoundError("Could not open the file at /tmp/rust_mozprofileDJXC0j/search.json.mozlz4", (void 0)))
1640989170651	Marionette	INFO	Listening on port 41529
1640989170745	RemoteAgent	WARN	TLS certificate errors will be ignored for this session
JavaScript error: resource://gre/modules/XULStore.jsm, line 66: Error: Can't find profile directory.
JavaScript error: resource://gre/modules/XULStore.jsm, line 66: Error: Can't find profile directory.
1640989183059	Marionette	INFO	Stopped listening on port 41529
JavaScript error: resource:///modules/Interactions.jsm, line 209: NS_ERROR_FAILURE: Component returned failure code: 0x80004005 (NS_ERROR_FAILURE) [nsIUserIdleService.removeIdleObserver]

###!!! [Parent][RunMessage] Error: Channel closing: too late to send/recv, messages will be lost

1640989216741	geckodriver	INFO	Listening on 127.0.0.1:49019
1640989216750	mozrunner::runner	INFO	Running command: "/usr/bin/firefox" "--marionette" "--start-maximized" "-foreground" "-no-remote" "-profile" "/tmp/rust_mozprofileXn1Aqf"
1640989217188	Marionette	INFO	Marionette enabled
console.warn: SearchSettings: "get: No settings file exists, new profile?" (new NotFoundError("Could not open the file at /tmp/rust_mozprofileXn1Aqf/search.json.mozlz4", (void 0)))
1640989218858	Marionette	INFO	Listening on port 33053
1640989218965	RemoteAgent	WARN	TLS certificate errors will be ignored for this session
JavaScript error: resource://gre/modules/XULStore.jsm, line 66: Error: Can't find profile directory.
JavaScript error: resource://gre/modules/XULStore.jsm, line 66: Error: Can't find profile directory.
1640989322243	Marionette	INFO	Stopped listening on port 33053
JavaScript error: resource:///modules/Interactions.jsm, line 209: NS_ERROR_FAILURE: Component returned failure code: 0x80004005 (NS_ERROR_FAILURE) [nsIUserIdleService.removeIdleObserver]

###!!! [Parent][RunMessage] Error: Channel closing: too late to send/recv, messages will be lost

1640989378970	geckodriver	INFO	Listening on 127.0.0.1:42343
1640989378972	mozrunner::runner	INFO	Running command: "/usr/bin/firefox" "--marionette" "--start-maximized" "-foreground" "-no-remote" "-profile" "/tmp/rust_mozprofilegF1omT"
1640989379386	Marionette	INFO	Marionette enabled
console.warn: SearchSettings: "get: No settings file exists, new profile?" (new NotFoundError("Could not open the file at /tmp/rust_mozprofilegF1omT/search.json.mozlz4", (void 0)))
1640989380854	Marionette	INFO	Listening on port 33565
1640989380933	RemoteAgent	WARN	TLS certificate errors will be ignored for this session
JavaScript error: resource://gre/modules/XULStore.jsm, line 66: Error: Can't find profile directory.
JavaScript error: resource://gre/modules/XULStore.jsm, line 66: Error: Can't find profile directory.
1640989513229	Marionette	INFO	Stopped listening on port 33565
JavaScript error: resource:///modules/Interactions.jsm, line 209: NS_ERROR_FAILURE: Component returned failure code: 0x80004005 (NS_ERROR_FAILURE) [nsIUserIdleService.removeIdleObserver]

###!!! [Parent][RunMessage] Error: Channel closing: too late to send/recv, messages will be lost

1640989540020	geckodriver	INFO	Listening on 127.0.0.1:38425
1640989540021	mozrunner::runner	INFO	Running command: "/usr/bin/firefox" "--marionette" "--start-maximized" "-foreground" "-no-remote" "-profile" "/tmp/rust_mozprofileZy8Xjh"
1640989540436	Marionette	INFO	Marionette enabled
console.warn: SearchSettings: "get: No settings file exists, new profile?" (new NotFoundError("Could not open the file at /tmp/rust_mozprofileZy8Xjh/search.json.mozlz4", (void 0)))
1640989541776	Marionette	INFO	Listening on port 37181
1640989541837	RemoteAgent	WARN	TLS certificate errors will be ignored for this session
JavaScript error: resource://gre/modules/XULStore.jsm, line 66: Error: Can't find profile directory.
JavaScript error: resource://gre/modules/XULStore.jsm, line 66: Error: Can't find profile directory.
1640989601720	Marionette	INFO	Stopped listening on port 37181
JavaScript error: resource:///modules/Interactions.jsm, line 209: NS_ERROR_FAILURE: Component returned failure code: 0x80004005 (NS_ERROR_FAILURE) [nsIUserIdleService.removeIdleObserver]
1640989612302	geckodriver	INFO	Listening on 127.0.0.1:40427
1640989612304	mozrunner::runner	INFO	Running command: "/usr/bin/firefox" "--marionette" "--start-maximized" "-foreground" "-no-remote" "-profile" "/tmp/rust_mozprofileU0Ch6k"
1640989612727	Marionette	INFO	Marionette enabled
console.warn: SearchSettings: "get: No settings file exists, new profile?" (new NotFoundError("Could not open the file at /tmp/rust_mozprofileU0Ch6k/search.json.mozlz4", (void 0)))
1640989614411	Marionette	INFO	Listening on port 45397
1640989614518	RemoteAgent	WARN	TLS certificate errors will be ignored for this session
JavaScript error: resource://gre/modules/XULStore.jsm, line 66: Error: Can't find profile directory.
JavaScript error: resource://gre/modules/XULStore.jsm, line 66: Error: Can't find profile directory.
1640989683982	geckodriver	INFO	Listening on 127.0.0.1:36699
1640989683984	mozrunner::runner	INFO	Running command: "/usr/bin/firefox" "--marionette" "--start-maximized" "-foreground" "-no-remote" "-profile" "/tmp/rust_mozprofileKbku6m"
1640989684383	Marionette	INFO	Marionette enabled
console.warn: SearchSettings: "get: No settings file exists, new profile?" (new NotFoundError("Could not open the file at /tmp/rust_mozprofileKbku6m/search.json.mozlz4", (void 0)))
1640989685940	Marionette	INFO	Listening on port 40469
1640989686001	RemoteAgent	WARN	TLS certificate errors will be ignored for this session
JavaScript error: resource://gre/modules/XULStore.jsm, line 66: Error: Can't find profile directory.
JavaScript error: resource://gre/modules/XULStore.jsm, line 66: Error: Can't find profile directory.
1640989717680	Marionette	INFO	Stopped listening on port 40469
JavaScript error: resource:///modules/Interactions.jsm, line 209: NS_ERROR_FAILURE: Component returned failure code: 0x80004005 (NS_ERROR_FAILURE) [nsIUserIdleService.removeIdleObserver]

###!!! [Parent][RunMessage] Error: Channel closing: too late to send/recv, messages will be lost

1640989718565	Marionette	INFO	Stopped listening on port 45397
JavaScript error: resource:///modules/Interactions.jsm, line 209: NS_ERROR_FAILURE: Component returned failure code: 0x80004005 (NS_ERROR_FAILURE) [nsIUserIdleService.removeIdleObserver]

###!!! [Parent][RunMessage] Error: Channel closing: too late to send/recv, messages will be lost

1640989787329	geckodriver	INFO	Listening on 127.0.0.1:58123
1640989787331	mozrunner::runner	INFO	Running command: "/usr/bin/firefox" "--marionette" "--start-maximized" "-foreground" "-no-remote" "-profile" "/tmp/rust_mozprofileN6VOzE"
1640989787748	Marionette	INFO	Marionette enabled
console.warn: SearchSettings: "get: No settings file exists, new profile?" (new NotFoundError("Could not open the file at /tmp/rust_mozprofileN6VOzE/search.json.mozlz4", (void 0)))
1640989789196	Marionette	INFO	Listening on port 43333
1640989789251	RemoteAgent	WARN	TLS certificate errors will be ignored for this session
JavaScript error: resource://gre/modules/XULStore.jsm, line 66: Error: Can't find profile directory.
JavaScript error: resource://gre/modules/XULStore.jsm, line 66: Error: Can't find profile directory.
1640989918976	Marionette	INFO	Stopped listening on port 43333
JavaScript error: resource:///modules/Interactions.jsm, line 209: NS_ERROR_FAILURE: Component returned failure code: 0x80004005 (NS_ERROR_FAILURE) [nsIUserIdleService.removeIdleObserver]

###!!! [Parent][RunMessage] Error: Channel closing: too late to send/recv, messages will be lost

1640990142925	geckodriver	INFO	Listening on 127.0.0.1:43869
1640990142927	mozrunner::runner	INFO	Running command: "/usr/bin/firefox" "--marionette" "--start-maximized" "-foreground" "-no-remote" "-profile" "/tmp/rust_mozprofilegRJYrc"
1640990143333	Marionette	INFO	Marionette enabled
console.warn: SearchSettings: "get: No settings file exists, new profile?" (new NotFoundError("Could not open the file at /tmp/rust_mozprofilegRJYrc/search.json.mozlz4", (void 0)))
1640990144932	Marionette	INFO	Listening on port 33331
1640990145042	RemoteAgent	WARN	TLS certificate errors will be ignored for this session
JavaScript error: resource://gre/modules/XULStore.jsm, line 66: Error: Can't find profile directory.
JavaScript error: resource://gre/modules/XULStore.jsm, line 66: Error: Can't find profile directory.
1640990270322	Marionette	INFO	Stopped listening on port 33331
JavaScript error: resource:///modules/Interactions.jsm, line 209: NS_ERROR_FAILURE: Component returned failure code: 0x80004005 (NS_ERROR_FAILURE) [nsIUserIdleService.removeIdleObserver]

###!!! [Parent][RunMessage] Error: Channel closing: too late to send/recv, messages will be lost

1640990310911	geckodriver	INFO	Listening on 127.0.0.1:41593
1640990310913	mozrunner::runner	INFO	Running command: "/usr/bin/firefox" "--marionette" "--start-maximized" "-foreground" "-no-remote" "-profile" "/tmp/rust_mozprofileeoUmUA"
1640990311332	Marionette	INFO	Marionette enabled
console.warn: SearchSettings: "get: No settings file exists, new profile?" (new NotFoundError("Could not open the file at /tmp/rust_mozprofileeoUmUA/search.json.mozlz4", (void 0)))
1640990313067	Marionette	INFO	Listening on port 44907
1640990313128	RemoteAgent	WARN	TLS certificate errors will be ignored for this session
JavaScript error: resource://gre/modules/XULStore.jsm, line 66: Error: Can't find profile directory.
JavaScript error: resource://gre/modules/XULStore.jsm, line 66: Error: Can't find profile directory.
1640990447219	Marionette	INFO	Stopped listening on port 44907
JavaScript error: resource:///modules/Interactions.jsm, line 209: NS_ERROR_FAILURE: Component returned failure code: 0x80004005 (NS_ERROR_FAILURE) [nsIUserIdleService.removeIdleObserver]
1640990643377	geckodriver	INFO	Listening on 127.0.0.1:55023
1640990643379	mozrunner::runner	INFO	Running command: "/usr/bin/firefox" "--marionette" "--start-maximized" "-foreground" "-no-remote" "-profile" "/tmp/rust_mozprofileFCYweu"
1640990643788	Marionette	INFO	Marionette enabled
console.warn: SearchSettings: "get: No settings file exists, new profile?" (new NotFoundError("Could not open the file at /tmp/rust_mozprofileFCYweu/search.json.mozlz4", (void 0)))
1640990645265	Marionette	INFO	Listening on port 42455
1640990645355	RemoteAgent	WARN	TLS certificate errors will be ignored for this session
JavaScript error: resource://gre/modules/XULStore.jsm, line 66: Error: Can't find profile directory.
JavaScript error: resource://gre/modules/XULStore.jsm, line 66: Error: Can't find profile directory.
1640990769200	Marionette	INFO	Stopped listening on port 42455
JavaScript error: resource:///modules/Interactions.jsm, line 209: NS_ERROR_FAILURE: Component returned failure code: 0x80004005 (NS_ERROR_FAILURE) [nsIUserIdleService.removeIdleObserver]
